2022-09-06 14:30:56.381  INFO 52056 --- [main] c.e.n.s.boot.NaverSpringBootApplication  : Starting NaverSpringBootApplication using Java 11.0.16.1 on Bourreau-de-travail-2.local with PID 52056 (/Users/ductrunghieuvo/SpringBootProjects/naver-spring-boot/target/classes started by ductrunghieuvo in /Users/ductrunghieuvo/SpringBootProjects/naver-spring-boot)
2022-09-06 14:30:56.383  INFO 52056 --- [main] c.e.n.s.boot.NaverSpringBootApplication  : No active profile set, falling back to 1 default profile: "default"
2022-09-06 14:30:56.669  INFO 52056 --- [main] .s.d.r.c.RepositoryConfigurationDelegate : Bootstrapping Spring Data JPA repositories in DEFAULT mode.
2022-09-06 14:30:56.697  INFO 52056 --- [main] .s.d.r.c.RepositoryConfigurationDelegate : Finished Spring Data repository scanning in 24 ms. Found 4 JPA repository interfaces.
2022-09-06 14:30:56.905  INFO 52056 --- [main] o.s.b.w.embedded.tomcat.TomcatWebServer  : Tomcat initialized with port(s): 8080 (http)
2022-09-06 14:30:56.912  INFO 52056 --- [main] o.apache.catalina.core.StandardService   : Starting service [Tomcat]
2022-09-06 14:30:56.912  INFO 52056 --- [main] org.apache.catalina.core.StandardEngine  : Starting Servlet engine: [Apache Tomcat/9.0.65]
2022-09-06 14:30:56.948  INFO 52056 --- [main] o.a.c.c.C.[Tomcat].[localhost].[/]       : Initializing Spring embedded WebApplicationContext
2022-09-06 14:30:56.948  INFO 52056 --- [main] w.s.c.ServletWebServerApplicationContext : Root WebApplicationContext: initialization completed in 536 ms
2022-09-06 14:30:56.961  INFO 52056 --- [main] com.zaxxer.hikari.HikariDataSource       : HikariPool-1 - Starting...
2022-09-06 14:30:57.048  INFO 52056 --- [main] com.zaxxer.hikari.HikariDataSource       : HikariPool-1 - Start completed.
2022-09-06 14:30:57.053  INFO 52056 --- [main] o.s.b.a.h2.H2ConsoleAutoConfiguration    : H2 console available at '/h2-console'. Database available at 'jdbc:h2:file:./db'
2022-09-06 14:30:57.108  INFO 52056 --- [main] o.hibernate.jpa.internal.util.LogHelper  : HHH000204: Processing PersistenceUnitInfo [name: default]
2022-09-06 14:30:57.127  INFO 52056 --- [main] org.hibernate.Version                    : HHH000412: Hibernate ORM core version 5.6.10.Final
2022-09-06 14:30:57.186  INFO 52056 --- [main] o.hibernate.annotations.common.Version   : HCANN000001: Hibernate Commons Annotations {5.1.2.Final}
2022-09-06 14:30:57.221  INFO 52056 --- [main] org.hibernate.dialect.Dialect            : HHH000400: Using dialect: org.hibernate.dialect.H2Dialect
2022-09-06 14:30:57.273  INFO 52056 --- [main] o.hibernate.id.enhanced.TableGenerator   : HHH000398: Explicit segment value for id generator [hibernate_sequences.sequence_name] suggested; using default [default]
2022-09-06 14:30:57.275  INFO 52056 --- [main] o.hibernate.id.enhanced.TableGenerator   : HHH000398: Explicit segment value for id generator [hibernate_sequences.sequence_name] suggested; using default [default]
2022-09-06 14:30:57.275  INFO 52056 --- [main] o.hibernate.id.enhanced.TableGenerator   : HHH000398: Explicit segment value for id generator [hibernate_sequences.sequence_name] suggested; using default [default]
2022-09-06 14:30:57.453  INFO 52056 --- [main] o.h.e.t.j.p.i.JtaPlatformInitiator       : HHH000490: Using JtaPlatform implementation: [org.hibernate.engine.transaction.jta.platform.internal.NoJtaPlatform]
2022-09-06 14:30:57.456  INFO 52056 --- [main] j.LocalContainerEntityManagerFactoryBean : Initialized JPA EntityManagerFactory for persistence unit 'default'
2022-09-06 14:30:57.678  WARN 52056 --- [main] JpaBaseConfiguration$JpaWebConfiguration : spring.jpa.open-in-view is enabled by default. Therefore, database queries may be performed during view rendering. Explicitly configure spring.jpa.open-in-view to disable this warning
2022-09-06 14:30:57.776  WARN 52056 --- [main] ion$DefaultTemplateResolverConfiguration : Cannot find template location: classpath:/templates/ (please add some templates or check your Thymeleaf configuration)
2022-09-06 14:30:57.838  INFO 52056 --- [main] o.s.b.w.embedded.tomcat.TomcatWebServer  : Tomcat started on port(s): 8080 (http) with context path ''
2022-09-06 14:30:57.844  INFO 52056 --- [main] c.e.n.s.boot.NaverSpringBootApplication  : Started NaverSpringBootApplication in 1.636 seconds (JVM running for 1.909)
2022-09-06 14:31:02.735  INFO 52056 --- [http-nio-8080-exec-2] o.a.c.c.C.[Tomcat].[localhost].[/]       : Initializing Spring DispatcherServlet 'dispatcherServlet'
2022-09-06 14:31:02.736  INFO 52056 --- [http-nio-8080-exec-2] o.s.web.servlet.DispatcherServlet        : Initializing Servlet 'dispatcherServlet'
2022-09-06 14:31:02.736  INFO 52056 --- [http-nio-8080-exec-2] o.s.web.servlet.DispatcherServlet        : Completed initialization in 0 ms
2022-09-06 14:31:02.757  INFO 52056 --- [http-nio-8080-exec-2] c.e.n.s.b.a.p.c.ProductController        : Get products
2022-09-06 14:33:03.767  INFO 52056 --- [http-nio-8080-exec-4] c.e.n.s.b.a.p.c.ProductController        : Get products
2022-09-06 15:03:43.266  INFO 52056 --- [SpringApplicationShutdownHook] j.LocalContainerEntityManagerFactoryBean : Closing JPA EntityManagerFactory for persistence unit 'default'
2022-09-06 15:03:43.273  INFO 52056 --- [SpringApplicationShutdownHook] com.zaxxer.hikari.HikariDataSource       : HikariPool-1 - Shutdown initiated...
2022-09-06 15:03:43.277  INFO 52056 --- [SpringApplicationShutdownHook] com.zaxxer.hikari.HikariDataSource       : HikariPool-1 - Shutdown completed.
2022-09-06 15:03:48.714  WARN 52463 --- [main] JpaBaseConfiguration$JpaWebConfiguration : spring.jpa.open-in-view is enabled by default. Therefore, database queries may be performed during view rendering. Explicitly configure spring.jpa.open-in-view to disable this warning
2022-09-06 15:03:48.851  WARN 52463 --- [main] ion$DefaultTemplateResolverConfiguration : Cannot find template location: classpath:/templates/ (please add some templates or check your Thymeleaf configuration)
2022-09-06 15:04:03.457  INFO 52477 --- [main] c.e.n.s.boot.NaverSpringBootApplication  : Starting NaverSpringBootApplication using Java 11.0.16.1 on Bourreau-de-travail-2.local with PID 52477 (/Users/ductrunghieuvo/SpringBootProjects/naver-spring-boot/target/classes started by ductrunghieuvo in /Users/ductrunghieuvo/SpringBootProjects/naver-spring-boot)
2022-09-06 15:04:03.461  INFO 52477 --- [main] c.e.n.s.boot.NaverSpringBootApplication  : No active profile set, falling back to 1 default profile: "default"
2022-09-06 15:04:03.791  INFO 52477 --- [main] .s.d.r.c.RepositoryConfigurationDelegate : Bootstrapping Spring Data JPA repositories in DEFAULT mode.
2022-09-06 15:04:03.819  INFO 52477 --- [main] .s.d.r.c.RepositoryConfigurationDelegate : Finished Spring Data repository scanning in 24 ms. Found 4 JPA repository interfaces.
2022-09-06 15:04:04.089  INFO 52477 --- [main] o.s.b.w.embedded.tomcat.TomcatWebServer  : Tomcat initialized with port(s): 8080 (http)
2022-09-06 15:04:04.092  INFO 52477 --- [main] o.apache.catalina.core.StandardService   : Starting service [Tomcat]
2022-09-06 15:04:04.092  INFO 52477 --- [main] org.apache.catalina.core.StandardEngine  : Starting Servlet engine: [Apache Tomcat/9.0.65]
2022-09-06 15:04:04.128  INFO 52477 --- [main] o.a.c.c.C.[Tomcat].[localhost].[/]       : Initializing Spring embedded WebApplicationContext
2022-09-06 15:04:04.128  INFO 52477 --- [main] w.s.c.ServletWebServerApplicationContext : Root WebApplicationContext: initialization completed in 628 ms
2022-09-06 15:04:04.159  INFO 52477 --- [main] com.zaxxer.hikari.HikariDataSource       : HikariPool-1 - Starting...
2022-09-06 15:04:04.225  INFO 52477 --- [main] com.zaxxer.hikari.HikariDataSource       : HikariPool-1 - Start completed.
2022-09-06 15:04:04.230  INFO 52477 --- [main] o.s.b.a.h2.H2ConsoleAutoConfiguration    : H2 console available at '/h2-console'. Database available at 'jdbc:h2:file:./db'
2022-09-06 15:04:04.294  INFO 52477 --- [main] o.hibernate.jpa.internal.util.LogHelper  : HHH000204: Processing PersistenceUnitInfo [name: default]
2022-09-06 15:04:04.318  INFO 52477 --- [main] org.hibernate.Version                    : HHH000412: Hibernate ORM core version 5.6.10.Final
2022-09-06 15:04:04.368  INFO 52477 --- [main] o.hibernate.annotations.common.Version   : HCANN000001: Hibernate Commons Annotations {5.1.2.Final}
2022-09-06 15:04:04.405  INFO 52477 --- [main] org.hibernate.dialect.Dialect            : HHH000400: Using dialect: org.hibernate.dialect.H2Dialect
2022-09-06 15:04:04.468  INFO 52477 --- [main] o.hibernate.id.enhanced.TableGenerator   : HHH000398: Explicit segment value for id generator [hibernate_sequences.sequence_name] suggested; using default [default]
2022-09-06 15:04:04.470  INFO 52477 --- [main] o.hibernate.id.enhanced.TableGenerator   : HHH000398: Explicit segment value for id generator [hibernate_sequences.sequence_name] suggested; using default [default]
2022-09-06 15:04:04.470  INFO 52477 --- [main] o.hibernate.id.enhanced.TableGenerator   : HHH000398: Explicit segment value for id generator [hibernate_sequences.sequence_name] suggested; using default [default]
2022-09-06 15:04:04.660  INFO 52477 --- [main] o.h.e.t.j.p.i.JtaPlatformInitiator       : HHH000490: Using JtaPlatform implementation: [org.hibernate.engine.transaction.jta.platform.internal.NoJtaPlatform]
2022-09-06 15:04:04.664  INFO 52477 --- [main] j.LocalContainerEntityManagerFactoryBean : Initialized JPA EntityManagerFactory for persistence unit 'default'
2022-09-06 15:04:04.934  WARN 52477 --- [main] JpaBaseConfiguration$JpaWebConfiguration : spring.jpa.open-in-view is enabled by default. Therefore, database queries may be performed during view rendering. Explicitly configure spring.jpa.open-in-view to disable this warning
2022-09-06 15:04:05.068  WARN 52477 --- [main] ion$DefaultTemplateResolverConfiguration : Cannot find template location: classpath:/templates/ (please add some templates or check your Thymeleaf configuration)
2022-09-06 15:04:05.144  INFO 52477 --- [main] o.s.b.w.embedded.tomcat.TomcatWebServer  : Tomcat started on port(s): 8080 (http) with context path ''
2022-09-06 15:04:05.151  INFO 52477 --- [main] c.e.n.s.boot.NaverSpringBootApplication  : Started NaverSpringBootApplication in 1.926 seconds (JVM running for 2.349)
2022-09-06 15:04:57.380  INFO 52477 --- [SpringApplicationShutdownHook] j.LocalContainerEntityManagerFactoryBean : Closing JPA EntityManagerFactory for persistence unit 'default'
2022-09-06 15:04:57.384  INFO 52477 --- [SpringApplicationShutdownHook] com.zaxxer.hikari.HikariDataSource       : HikariPool-1 - Shutdown initiated...
2022-09-06 15:04:57.390  INFO 52477 --- [SpringApplicationShutdownHook] com.zaxxer.hikari.HikariDataSource       : HikariPool-1 - Shutdown completed.
2022-09-06 15:04:59.353  INFO 52484 --- [main] c.e.n.s.boot.NaverSpringBootApplication  : Starting NaverSpringBootApplication using Java 11.0.16.1 on Bourreau-de-travail-2.local with PID 52484 (/Users/ductrunghieuvo/SpringBootProjects/naver-spring-boot/target/classes started by ductrunghieuvo in /Users/ductrunghieuvo/SpringBootProjects/naver-spring-boot)
2022-09-06 15:04:59.356  INFO 52484 --- [main] c.e.n.s.boot.NaverSpringBootApplication  : No active profile set, falling back to 1 default profile: "default"
2022-09-06 15:04:59.692  INFO 52484 --- [main] .s.d.r.c.RepositoryConfigurationDelegate : Bootstrapping Spring Data JPA repositories in DEFAULT mode.
2022-09-06 15:04:59.721  INFO 52484 --- [main] .s.d.r.c.RepositoryConfigurationDelegate : Finished Spring Data repository scanning in 25 ms. Found 4 JPA repository interfaces.
2022-09-06 15:04:59.972  INFO 52484 --- [main] o.s.b.w.embedded.tomcat.TomcatWebServer  : Tomcat initialized with port(s): 8080 (http)
2022-09-06 15:04:59.975  INFO 52484 --- [main] o.apache.catalina.core.StandardService   : Starting service [Tomcat]
2022-09-06 15:04:59.975  INFO 52484 --- [main] org.apache.catalina.core.StandardEngine  : Starting Servlet engine: [Apache Tomcat/9.0.65]
2022-09-06 15:05:00.022  INFO 52484 --- [main] o.a.c.c.C.[Tomcat].[localhost].[/]       : Initializing Spring embedded WebApplicationContext
2022-09-06 15:05:00.023  INFO 52484 --- [main] w.s.c.ServletWebServerApplicationContext : Root WebApplicationContext: initialization completed in 631 ms
2022-09-06 15:05:00.038  INFO 52484 --- [main] com.zaxxer.hikari.HikariDataSource       : HikariPool-1 - Starting...
2022-09-06 15:05:00.101  INFO 52484 --- [main] com.zaxxer.hikari.HikariDataSource       : HikariPool-1 - Start completed.
2022-09-06 15:05:00.106  INFO 52484 --- [main] o.s.b.a.h2.H2ConsoleAutoConfiguration    : H2 console available at '/h2-console'. Database available at 'jdbc:h2:file:./db'
2022-09-06 15:05:00.159  INFO 52484 --- [main] o.hibernate.jpa.internal.util.LogHelper  : HHH000204: Processing PersistenceUnitInfo [name: default]
2022-09-06 15:05:00.184  INFO 52484 --- [main] org.hibernate.Version                    : HHH000412: Hibernate ORM core version 5.6.10.Final
2022-09-06 15:05:00.242  INFO 52484 --- [main] o.hibernate.annotations.common.Version   : HCANN000001: Hibernate Commons Annotations {5.1.2.Final}
2022-09-06 15:05:00.295  INFO 52484 --- [main] org.hibernate.dialect.Dialect            : HHH000400: Using dialect: org.hibernate.dialect.H2Dialect
2022-09-06 15:05:00.353  INFO 52484 --- [main] o.hibernate.id.enhanced.TableGenerator   : HHH000398: Explicit segment value for id generator [hibernate_sequences.sequence_name] suggested; using default [default]
2022-09-06 15:05:00.355  INFO 52484 --- [main] o.hibernate.id.enhanced.TableGenerator   : HHH000398: Explicit segment value for id generator [hibernate_sequences.sequence_name] suggested; using default [default]
2022-09-06 15:05:00.355  INFO 52484 --- [main] o.hibernate.id.enhanced.TableGenerator   : HHH000398: Explicit segment value for id generator [hibernate_sequences.sequence_name] suggested; using default [default]
2022-09-06 15:05:00.556  INFO 52484 --- [main] o.h.e.t.j.p.i.JtaPlatformInitiator       : HHH000490: Using JtaPlatform implementation: [org.hibernate.engine.transaction.jta.platform.internal.NoJtaPlatform]
2022-09-06 15:05:00.560  INFO 52484 --- [main] j.LocalContainerEntityManagerFactoryBean : Initialized JPA EntityManagerFactory for persistence unit 'default'
2022-09-06 15:05:00.841  WARN 52484 --- [main] JpaBaseConfiguration$JpaWebConfiguration : spring.jpa.open-in-view is enabled by default. Therefore, database queries may be performed during view rendering. Explicitly configure spring.jpa.open-in-view to disable this warning
2022-09-06 15:05:00.961  WARN 52484 --- [main] ion$DefaultTemplateResolverConfiguration : Cannot find template location: classpath:/templates/ (please add some templates or check your Thymeleaf configuration)
2022-09-06 15:05:01.041  INFO 52484 --- [main] o.s.b.w.embedded.tomcat.TomcatWebServer  : Tomcat started on port(s): 8080 (http) with context path ''
2022-09-06 15:05:01.049  INFO 52484 --- [main] c.e.n.s.boot.NaverSpringBootApplication  : Started NaverSpringBootApplication in 2.016 seconds (JVM running for 2.467)
2022-09-06 15:05:05.526  INFO 52484 --- [http-nio-8080-exec-2] o.a.c.c.C.[Tomcat].[localhost].[/]       : Initializing Spring DispatcherServlet 'dispatcherServlet'
2022-09-06 15:05:05.526  INFO 52484 --- [http-nio-8080-exec-2] o.s.web.servlet.DispatcherServlet        : Initializing Servlet 'dispatcherServlet'
2022-09-06 15:05:05.527  INFO 52484 --- [http-nio-8080-exec-2] o.s.web.servlet.DispatcherServlet        : Completed initialization in 0 ms
2022-09-06 15:05:05.548  WARN 52484 --- [http-nio-8080-exec-2] c.e.n.s.b.a.p.c.ProductController        : Get products
2022-09-06 15:08:06.137  INFO 52484 --- [SpringApplicationShutdownHook] j.LocalContainerEntityManagerFactoryBean : Closing JPA EntityManagerFactory for persistence unit 'default'
2022-09-06 15:08:06.144  INFO 52484 --- [SpringApplicationShutdownHook] com.zaxxer.hikari.HikariDataSource       : HikariPool-1 - Shutdown initiated...
2022-09-06 15:08:06.147  INFO 52484 --- [SpringApplicationShutdownHook] com.zaxxer.hikari.HikariDataSource       : HikariPool-1 - Shutdown completed.
2022-09-06 15:08:09.383  INFO 52561 --- [main] c.e.n.s.boot.NaverSpringBootApplication  : Starting NaverSpringBootApplication using Java 11.0.16.1 on Bourreau-de-travail-2.local with PID 52561 (/Users/ductrunghieuvo/SpringBootProjects/naver-spring-boot/target/classes started by ductrunghieuvo in /Users/ductrunghieuvo/SpringBootProjects/naver-spring-boot)
2022-09-06 15:08:09.387  INFO 52561 --- [main] c.e.n.s.boot.NaverSpringBootApplication  : No active profile set, falling back to 1 default profile: "default"
2022-09-06 15:08:09.743  INFO 52561 --- [main] .s.d.r.c.RepositoryConfigurationDelegate : Bootstrapping Spring Data JPA repositories in DEFAULT mode.
2022-09-06 15:08:09.767  INFO 52561 --- [main] .s.d.r.c.RepositoryConfigurationDelegate : Finished Spring Data repository scanning in 21 ms. Found 4 JPA repository interfaces.
2022-09-06 15:08:10.053  INFO 52561 --- [main] o.s.b.w.embedded.tomcat.TomcatWebServer  : Tomcat initialized with port(s): 8080 (http)
2022-09-06 15:08:10.056  INFO 52561 --- [main] o.apache.catalina.core.StandardService   : Starting service [Tomcat]
2022-09-06 15:08:10.056  INFO 52561 --- [main] org.apache.catalina.core.StandardEngine  : Starting Servlet engine: [Apache Tomcat/9.0.65]
2022-09-06 15:08:10.106  INFO 52561 --- [main] o.a.c.c.C.[Tomcat].[localhost].[/]       : Initializing Spring embedded WebApplicationContext
2022-09-06 15:08:10.107  INFO 52561 --- [main] w.s.c.ServletWebServerApplicationContext : Root WebApplicationContext: initialization completed in 674 ms
2022-09-06 15:08:10.123  INFO 52561 --- [main] com.zaxxer.hikari.HikariDataSource       : HikariPool-1 - Starting...
2022-09-06 15:08:10.186  INFO 52561 --- [main] com.zaxxer.hikari.HikariDataSource       : HikariPool-1 - Start completed.
2022-09-06 15:08:10.192  INFO 52561 --- [main] o.s.b.a.h2.H2ConsoleAutoConfiguration    : H2 console available at '/h2-console'. Database available at 'jdbc:h2:file:./db'
2022-09-06 15:08:10.252  INFO 52561 --- [main] o.hibernate.jpa.internal.util.LogHelper  : HHH000204: Processing PersistenceUnitInfo [name: default]
2022-09-06 15:08:10.277  INFO 52561 --- [main] org.hibernate.Version                    : HHH000412: Hibernate ORM core version 5.6.10.Final
2022-09-06 15:08:10.343  INFO 52561 --- [main] o.hibernate.annotations.common.Version   : HCANN000001: Hibernate Commons Annotations {5.1.2.Final}
2022-09-06 15:08:10.386  INFO 52561 --- [main] org.hibernate.dialect.Dialect            : HHH000400: Using dialect: org.hibernate.dialect.H2Dialect
2022-09-06 15:08:10.452  INFO 52561 --- [main] o.hibernate.id.enhanced.TableGenerator   : HHH000398: Explicit segment value for id generator [hibernate_sequences.sequence_name] suggested; using default [default]
2022-09-06 15:08:10.454  INFO 52561 --- [main] o.hibernate.id.enhanced.TableGenerator   : HHH000398: Explicit segment value for id generator [hibernate_sequences.sequence_name] suggested; using default [default]
2022-09-06 15:08:10.454  INFO 52561 --- [main] o.hibernate.id.enhanced.TableGenerator   : HHH000398: Explicit segment value for id generator [hibernate_sequences.sequence_name] suggested; using default [default]
2022-09-06 15:08:10.658  INFO 52561 --- [main] o.h.e.t.j.p.i.JtaPlatformInitiator       : HHH000490: Using JtaPlatform implementation: [org.hibernate.engine.transaction.jta.platform.internal.NoJtaPlatform]
2022-09-06 15:08:10.661  INFO 52561 --- [main] j.LocalContainerEntityManagerFactoryBean : Initialized JPA EntityManagerFactory for persistence unit 'default'
2022-09-06 15:08:10.981  WARN 52561 --- [main] JpaBaseConfiguration$JpaWebConfiguration : spring.jpa.open-in-view is enabled by default. Therefore, database queries may be performed during view rendering. Explicitly configure spring.jpa.open-in-view to disable this warning
2022-09-06 15:08:11.103  WARN 52561 --- [main] ion$DefaultTemplateResolverConfiguration : Cannot find template location: classpath:/templates/ (please add some templates or check your Thymeleaf configuration)
2022-09-06 15:08:11.179  INFO 52561 --- [main] o.s.b.w.embedded.tomcat.TomcatWebServer  : Tomcat started on port(s): 8080 (http) with context path ''
2022-09-06 15:08:11.186  INFO 52561 --- [main] c.e.n.s.boot.NaverSpringBootApplication  : Started NaverSpringBootApplication in 2.192 seconds (JVM running for 2.665)
2022-09-06 15:08:13.345  INFO 52561 --- [http-nio-8080-exec-1] o.a.c.c.C.[Tomcat].[localhost].[/]       : Initializing Spring DispatcherServlet 'dispatcherServlet'
2022-09-06 15:08:13.345  INFO 52561 --- [http-nio-8080-exec-1] o.s.web.servlet.DispatcherServlet        : Initializing Servlet 'dispatcherServlet'
2022-09-06 15:08:13.346  INFO 52561 --- [http-nio-8080-exec-1] o.s.web.servlet.DispatcherServlet        : Completed initialization in 1 ms
2022-09-06 15:08:13.374  INFO 52561 --- [http-nio-8080-exec-1] c.e.n.spring.boot.config.LoggingAspect   : before called execution(ResponseEntity com.example.naver.spring.boot.api.product.controller.ProductController.getProducts(ProductConditionParam))
2022-09-06 15:08:13.374  WARN 52561 --- [http-nio-8080-exec-1] c.e.n.s.b.a.p.c.ProductController        : Get products
2022-09-06 15:08:13.374  INFO 52561 --- [http-nio-8080-exec-1] c.e.n.spring.boot.config.LoggingAspect   : before called execution(List com.example.naver.spring.boot.api.product.service.ProductServiceImpl.getProductsByConditions(ProductConditionParam))
2022-09-06 15:08:13.378  INFO 52561 --- [http-nio-8080-exec-1] c.e.n.spring.boot.config.LoggingAspect   : before called execution(List com.example.naver.spring.boot.api.product.repository.ProductMyBatisRepository.findProductsGreaterThan(BigDecimal))
2022-09-06 15:49:07.891  INFO 52561 --- [SpringApplicationShutdownHook] j.LocalContainerEntityManagerFactoryBean : Closing JPA EntityManagerFactory for persistence unit 'default'
2022-09-06 15:49:07.901  INFO 52561 --- [SpringApplicationShutdownHook] com.zaxxer.hikari.HikariDataSource       : HikariPool-1 - Shutdown initiated...
2022-09-06 15:49:07.906  INFO 52561 --- [SpringApplicationShutdownHook] com.zaxxer.hikari.HikariDataSource       : HikariPool-1 - Shutdown completed.
2022-09-06 15:49:12.010  INFO 52908 --- [main] c.e.n.s.boot.NaverSpringBootApplication  : Starting NaverSpringBootApplication using Java 11.0.16.1 on Bourreau-de-travail-2.local with PID 52908 (/Users/ductrunghieuvo/SpringBootProjects/naver-spring-boot/target/classes started by ductrunghieuvo in /Users/ductrunghieuvo/SpringBootProjects/naver-spring-boot)
2022-09-06 15:49:12.012  INFO 52908 --- [main] c.e.n.s.boot.NaverSpringBootApplication  : No active profile set, falling back to 1 default profile: "default"
2022-09-06 15:49:12.283  INFO 52908 --- [main] .s.d.r.c.RepositoryConfigurationDelegate : Bootstrapping Spring Data JPA repositories in DEFAULT mode.
2022-09-06 15:49:12.309  INFO 52908 --- [main] .s.d.r.c.RepositoryConfigurationDelegate : Finished Spring Data repository scanning in 22 ms. Found 4 JPA repository interfaces.
2022-09-06 15:49:12.580  INFO 52908 --- [main] o.s.b.w.embedded.tomcat.TomcatWebServer  : Tomcat initialized with port(s): 8080 (http)
2022-09-06 15:49:12.583  INFO 52908 --- [main] o.apache.catalina.core.StandardService   : Starting service [Tomcat]
2022-09-06 15:49:12.583  INFO 52908 --- [main] org.apache.catalina.core.StandardEngine  : Starting Servlet engine: [Apache Tomcat/9.0.65]
2022-09-06 15:49:12.625  INFO 52908 --- [main] o.a.c.c.C.[Tomcat].[localhost].[/]       : Initializing Spring embedded WebApplicationContext
2022-09-06 15:49:12.625  INFO 52908 --- [main] w.s.c.ServletWebServerApplicationContext : Root WebApplicationContext: initialization completed in 580 ms
2022-09-06 15:49:12.642  INFO 52908 --- [main] com.zaxxer.hikari.HikariDataSource       : HikariPool-1 - Starting...
2022-09-06 15:49:12.709  INFO 52908 --- [main] com.zaxxer.hikari.HikariDataSource       : HikariPool-1 - Start completed.
2022-09-06 15:49:12.714  INFO 52908 --- [main] o.s.b.a.h2.H2ConsoleAutoConfiguration    : H2 console available at '/h2-console'. Database available at 'jdbc:h2:file:./db'
2022-09-06 15:49:12.758  INFO 52908 --- [main] o.hibernate.jpa.internal.util.LogHelper  : HHH000204: Processing PersistenceUnitInfo [name: default]
2022-09-06 15:49:12.775  INFO 52908 --- [main] org.hibernate.Version                    : HHH000412: Hibernate ORM core version 5.6.10.Final
2022-09-06 15:49:12.824  INFO 52908 --- [main] o.hibernate.annotations.common.Version   : HCANN000001: Hibernate Commons Annotations {5.1.2.Final}
2022-09-06 15:49:12.859  INFO 52908 --- [main] org.hibernate.dialect.Dialect            : HHH000400: Using dialect: org.hibernate.dialect.H2Dialect
2022-09-06 15:49:12.915  INFO 52908 --- [main] o.hibernate.id.enhanced.TableGenerator   : HHH000398: Explicit segment value for id generator [hibernate_sequences.sequence_name] suggested; using default [default]
2022-09-06 15:49:12.917  INFO 52908 --- [main] o.hibernate.id.enhanced.TableGenerator   : HHH000398: Explicit segment value for id generator [hibernate_sequences.sequence_name] suggested; using default [default]
2022-09-06 15:49:12.917  INFO 52908 --- [main] o.hibernate.id.enhanced.TableGenerator   : HHH000398: Explicit segment value for id generator [hibernate_sequences.sequence_name] suggested; using default [default]
2022-09-06 15:49:13.107  INFO 52908 --- [main] o.h.e.t.j.p.i.JtaPlatformInitiator       : HHH000490: Using JtaPlatform implementation: [org.hibernate.engine.transaction.jta.platform.internal.NoJtaPlatform]
2022-09-06 15:49:13.110  INFO 52908 --- [main] j.LocalContainerEntityManagerFactoryBean : Initialized JPA EntityManagerFactory for persistence unit 'default'
2022-09-06 15:49:13.374  WARN 52908 --- [main] JpaBaseConfiguration$JpaWebConfiguration : spring.jpa.open-in-view is enabled by default. Therefore, database queries may be performed during view rendering. Explicitly configure spring.jpa.open-in-view to disable this warning
2022-09-06 15:49:13.491  WARN 52908 --- [main] ion$DefaultTemplateResolverConfiguration : Cannot find template location: classpath:/templates/ (please add some templates or check your Thymeleaf configuration)
2022-09-06 15:49:13.562  INFO 52908 --- [main] o.s.b.w.embedded.tomcat.TomcatWebServer  : Tomcat started on port(s): 8080 (http) with context path ''
2022-09-06 15:49:13.568  INFO 52908 --- [main] c.e.n.s.boot.NaverSpringBootApplication  : Started NaverSpringBootApplication in 1.764 seconds (JVM running for 2.039)
2022-09-06 15:49:23.400  INFO 52908 --- [http-nio-8080-exec-1] o.a.c.c.C.[Tomcat].[localhost].[/]       : Initializing Spring DispatcherServlet 'dispatcherServlet'
2022-09-06 15:49:23.400  INFO 52908 --- [http-nio-8080-exec-1] o.s.web.servlet.DispatcherServlet        : Initializing Servlet 'dispatcherServlet'
2022-09-06 15:49:23.401  INFO 52908 --- [http-nio-8080-exec-1] o.s.web.servlet.DispatcherServlet        : Completed initialization in 0 ms
2022-09-06 15:49:23.451  INFO 52908 --- [http-nio-8080-exec-1] c.e.n.spring.boot.config.LoggingAspect   : before called execution(ResponseEntity com.example.naver.spring.boot.api.product.controller.ProductController.createProducts(ProductCreateRequest))
2022-09-06 15:49:23.451  INFO 52908 --- [http-nio-8080-exec-1] c.e.n.spring.boot.config.LoggingAspect   : before called execution(Product com.example.naver.spring.boot.api.product.service.ProductServiceImpl.createProduct(ProductCreateRequest))
2022-09-06 15:49:23.465  INFO 52908 --- [http-nio-8080-exec-1] c.e.n.spring.boot.config.LoggingAspect   : before called execution(Object org.springframework.data.repository.CrudRepository.save(Object))
2022-09-06 15:49:40.927  INFO 52908 --- [SpringApplicationShutdownHook] j.LocalContainerEntityManagerFactoryBean : Closing JPA EntityManagerFactory for persistence unit 'default'
2022-09-06 15:49:40.930  INFO 52908 --- [SpringApplicationShutdownHook] com.zaxxer.hikari.HikariDataSource       : HikariPool-1 - Shutdown initiated...
2022-09-06 15:49:40.933  INFO 52908 --- [SpringApplicationShutdownHook] com.zaxxer.hikari.HikariDataSource       : HikariPool-1 - Shutdown completed.
2022-09-06 15:49:42.777  INFO 52917 --- [main] c.e.n.s.boot.NaverSpringBootApplication  : Starting NaverSpringBootApplication using Java 11.0.16.1 on Bourreau-de-travail-2.local with PID 52917 (/Users/ductrunghieuvo/SpringBootProjects/naver-spring-boot/target/classes started by ductrunghieuvo in /Users/ductrunghieuvo/SpringBootProjects/naver-spring-boot)
2022-09-06 15:49:42.780  INFO 52917 --- [main] c.e.n.s.boot.NaverSpringBootApplication  : No active profile set, falling back to 1 default profile: "default"
2022-09-06 15:49:43.126  INFO 52917 --- [main] .s.d.r.c.RepositoryConfigurationDelegate : Bootstrapping Spring Data JPA repositories in DEFAULT mode.
2022-09-06 15:49:43.159  INFO 52917 --- [main] .s.d.r.c.RepositoryConfigurationDelegate : Finished Spring Data repository scanning in 29 ms. Found 4 JPA repository interfaces.
2022-09-06 15:49:43.466  INFO 52917 --- [main] o.s.b.w.embedded.tomcat.TomcatWebServer  : Tomcat initialized with port(s): 8080 (http)
2022-09-06 15:49:43.473  INFO 52917 --- [main] o.apache.catalina.core.StandardService   : Starting service [Tomcat]
2022-09-06 15:49:43.473  INFO 52917 --- [main] org.apache.catalina.core.StandardEngine  : Starting Servlet engine: [Apache Tomcat/9.0.65]
2022-09-06 15:49:43.538  INFO 52917 --- [main] o.a.c.c.C.[Tomcat].[localhost].[/]       : Initializing Spring embedded WebApplicationContext
2022-09-06 15:49:43.538  INFO 52917 --- [main] w.s.c.ServletWebServerApplicationContext : Root WebApplicationContext: initialization completed in 711 ms
2022-09-06 15:49:43.564  INFO 52917 --- [main] com.zaxxer.hikari.HikariDataSource       : HikariPool-1 - Starting...
2022-09-06 15:49:43.641  INFO 52917 --- [main] com.zaxxer.hikari.HikariDataSource       : HikariPool-1 - Start completed.
2022-09-06 15:49:43.646  INFO 52917 --- [main] o.s.b.a.h2.H2ConsoleAutoConfiguration    : H2 console available at '/h2-console'. Database available at 'jdbc:h2:file:./db'
2022-09-06 15:49:43.693  INFO 52917 --- [main] o.hibernate.jpa.internal.util.LogHelper  : HHH000204: Processing PersistenceUnitInfo [name: default]
2022-09-06 15:49:43.713  INFO 52917 --- [main] org.hibernate.Version                    : HHH000412: Hibernate ORM core version 5.6.10.Final
2022-09-06 15:49:43.764  INFO 52917 --- [main] o.hibernate.annotations.common.Version   : HCANN000001: Hibernate Commons Annotations {5.1.2.Final}
2022-09-06 15:49:43.799  INFO 52917 --- [main] org.hibernate.dialect.Dialect            : HHH000400: Using dialect: org.hibernate.dialect.H2Dialect
2022-09-06 15:49:43.854  INFO 52917 --- [main] o.hibernate.id.enhanced.TableGenerator   : HHH000398: Explicit segment value for id generator [hibernate_sequences.sequence_name] suggested; using default [default]
2022-09-06 15:49:43.856  INFO 52917 --- [main] o.hibernate.id.enhanced.TableGenerator   : HHH000398: Explicit segment value for id generator [hibernate_sequences.sequence_name] suggested; using default [default]
2022-09-06 15:49:43.856  INFO 52917 --- [main] o.hibernate.id.enhanced.TableGenerator   : HHH000398: Explicit segment value for id generator [hibernate_sequences.sequence_name] suggested; using default [default]
2022-09-06 15:49:44.047  INFO 52917 --- [main] o.h.e.t.j.p.i.JtaPlatformInitiator       : HHH000490: Using JtaPlatform implementation: [org.hibernate.engine.transaction.jta.platform.internal.NoJtaPlatform]
2022-09-06 15:49:44.050  INFO 52917 --- [main] j.LocalContainerEntityManagerFactoryBean : Initialized JPA EntityManagerFactory for persistence unit 'default'
2022-09-06 15:49:44.378  WARN 52917 --- [main] JpaBaseConfiguration$JpaWebConfiguration : spring.jpa.open-in-view is enabled by default. Therefore, database queries may be performed during view rendering. Explicitly configure spring.jpa.open-in-view to disable this warning
2022-09-06 15:49:44.496  WARN 52917 --- [main] ion$DefaultTemplateResolverConfiguration : Cannot find template location: classpath:/templates/ (please add some templates or check your Thymeleaf configuration)
2022-09-06 15:49:44.568  INFO 52917 --- [main] o.s.b.w.embedded.tomcat.TomcatWebServer  : Tomcat started on port(s): 8080 (http) with context path ''
2022-09-06 15:49:44.580  INFO 52917 --- [main] c.e.n.s.boot.NaverSpringBootApplication  : Started NaverSpringBootApplication in 2.067 seconds (JVM running for 2.441)
2022-09-06 15:49:47.442  INFO 52917 --- [http-nio-8080-exec-2] o.a.c.c.C.[Tomcat].[localhost].[/]       : Initializing Spring DispatcherServlet 'dispatcherServlet'
2022-09-06 15:49:47.442  INFO 52917 --- [http-nio-8080-exec-2] o.s.web.servlet.DispatcherServlet        : Initializing Servlet 'dispatcherServlet'
2022-09-06 15:49:47.443  INFO 52917 --- [http-nio-8080-exec-2] o.s.web.servlet.DispatcherServlet        : Completed initialization in 1 ms
2022-09-06 15:49:47.490  INFO 52917 --- [http-nio-8080-exec-2] c.e.n.spring.boot.config.LoggingAspect   : before called execution(ResponseEntity com.example.naver.spring.boot.api.product.controller.ProductController.createProducts(ProductCreateRequest))
2022-09-06 15:49:47.491  INFO 52917 --- [http-nio-8080-exec-2] c.e.n.spring.boot.config.LoggingAspect   : before called execution(Product com.example.naver.spring.boot.api.product.service.ProductServiceImpl.createProduct(ProductCreateRequest))
2022-09-06 16:36:31.989  WARN 52917 --- [HikariPool-1 housekeeper] com.zaxxer.hikari.pool.HikariPool        : HikariPool-1 - Thread starvation or clock leap detected (housekeeper delta=22m47s940ms).
2022-09-06 16:54:00.012  WARN 52917 --- [HikariPool-1 housekeeper] com.zaxxer.hikari.pool.HikariPool        : HikariPool-1 - Thread starvation or clock leap detected (housekeeper delta=17m28s27ms).
2022-09-06 17:24:06.464  WARN 52917 --- [HikariPool-1 housekeeper] com.zaxxer.hikari.pool.HikariPool        : HikariPool-1 - Thread starvation or clock leap detected (housekeeper delta=30m6s453ms).
2022-09-06 17:35:55.538  WARN 52917 --- [HikariPool-1 housekeeper] com.zaxxer.hikari.pool.HikariPool        : HikariPool-1 - Thread starvation or clock leap detected (housekeeper delta=11m49s76ms).
2022-09-06 20:31:38.119  INFO 52917 --- [SpringApplicationShutdownHook] j.LocalContainerEntityManagerFactoryBean : Closing JPA EntityManagerFactory for persistence unit 'default'
2022-09-06 20:31:38.134  INFO 52917 --- [SpringApplicationShutdownHook] com.zaxxer.hikari.HikariDataSource       : HikariPool-1 - Shutdown initiated...
2022-09-06 20:31:38.140  INFO 52917 --- [SpringApplicationShutdownHook] com.zaxxer.hikari.HikariDataSource       : HikariPool-1 - Shutdown completed.
